{
  "0 debug pnpm:scope": {
    "selected": 1
  },
  "1 info pnpm": {
    "err": {
      "name": "Error",
      "message": "not found: intsall",
      "code": "ENOENT",
      "stack": "Error: not found: intsall\n    at getNotFoundError (/Users/hehimhomie/Library/pnpm/global/5/.pnpm/pnpm@7.5.0/node_modules/pnpm/dist/pnpm.cjs:21148:51)\n    at Function.whichSync [as sync] (/Users/hehimhomie/Library/pnpm/global/5/.pnpm/pnpm@7.5.0/node_modules/pnpm/dist/pnpm.cjs:21225:13)\n    at getCommandAbsolutePathSync (/Users/hehimhomie/Library/pnpm/global/5/.pnpm/pnpm@7.5.0/node_modules/pnpm/dist/pnpm.cjs:22903:44)\n    at default_1 (/Users/hehimhomie/Library/pnpm/global/5/.pnpm/pnpm@7.5.0/node_modules/pnpm/dist/pnpm.cjs:22912:32)\n    at /Users/hehimhomie/Library/pnpm/global/5/.pnpm/pnpm@7.5.0/node_modules/pnpm/dist/pnpm.cjs:184716:39"
    }
  },
  "2 error pnpm": {
    "code": "ERR_PNPM_RECURSIVE_EXEC_FIRST_FAIL",
    "prefix": "/Users/hehimhomie/Code/THREEJS_&_REACT_FIBER/react-fiber-jelly-cubes",
    "err": {
      "name": "pnpm",
      "message": "not found: intsall",
      "code": "ERR_PNPM_RECURSIVE_EXEC_FIRST_FAIL",
      "stack": "Error: not found: intsall\n    at getNotFoundError (/Users/hehimhomie/Library/pnpm/global/5/.pnpm/pnpm@7.5.0/node_modules/pnpm/dist/pnpm.cjs:21148:51)\n    at Function.whichSync [as sync] (/Users/hehimhomie/Library/pnpm/global/5/.pnpm/pnpm@7.5.0/node_modules/pnpm/dist/pnpm.cjs:21225:13)\n    at getCommandAbsolutePathSync (/Users/hehimhomie/Library/pnpm/global/5/.pnpm/pnpm@7.5.0/node_modules/pnpm/dist/pnpm.cjs:22903:44)\n    at default_1 (/Users/hehimhomie/Library/pnpm/global/5/.pnpm/pnpm@7.5.0/node_modules/pnpm/dist/pnpm.cjs:22912:32)\n    at /Users/hehimhomie/Library/pnpm/global/5/.pnpm/pnpm@7.5.0/node_modules/pnpm/dist/pnpm.cjs:184716:39"
    }
  }
}